<?xml version="1.0" encoding="UTF-8"?>
<!-- Generated by org.testng.reporters.JUnitXMLReporter -->
<testsuite ignored="0" hostname="LAPTOP-9E66PN5I" failures="1" tests="2" name="Test" time="0.109" errors="0" timestamp="2025-03-11T14:06:45 IST">
  <testcase classname="testNG.HRMSDemo" name="data" time="0.012"/>
  <testcase classname="testNG.HRMSDemo" name="login" time="0.0">
    <failure type="org.testng.TestNGException" message="
Parameter &amp;apos;browser&amp;apos; is required by @Test on method login but has not been marked @Optional or defined
in C:\Users\sampa\eclipse-workspace\SeleniumPractice\xml\HRMS.xml">
      <![CDATA[org.testng.TestNGException: 
Parameter 'browser' is required by @Test on method login but has not been marked @Optional or defined
in C:\Users\sampa\eclipse-workspace\SeleniumPractice\xml\HRMS.xml
at java.base/java.util.ArrayList.forEach(ArrayList.java:1597)
... Removed 26 stack frames]]>
    </failure>
  </testcase> <!-- login -->
</testsuite> <!-- Test -->
