<?xml version="1.0" encoding="UTF-8"?>
<testng-results ignored="0" total="3" passed="3" failed="0" skipped="0">
  <reporter-output>
  </reporter-output>
  <suite started-at="2025-03-11T14:15:31 IST" name="Default suite" finished-at="2025-03-11T14:15:44 IST" duration-ms="12823">
    <groups>
    </groups>
    <test started-at="2025-03-11T14:15:31 IST" name="Default test" finished-at="2025-03-11T14:15:44 IST" duration-ms="12823">
      <class name="testNG.DependsTest">
        <test-method signature="openBrowser()[pri:0, instance:testNG.DependsTest@2a798d51]" started-at="2025-03-11T14:15:31 IST" name="openBrowser" finished-at="2025-03-11T14:15:36 IST" duration-ms="5094" status="PASS">
          <reporter-output>
          </reporter-output>
        </test-method> <!-- openBrowser -->
        <test-method signature="AsignIn()[pri:0, instance:testNG.DependsTest@2a798d51]" started-at="2025-03-11T14:15:36 IST" name="AsignIn" finished-at="2025-03-11T14:15:39 IST" depends-on-methods="testNG.DependsTest.openBrowser" duration-ms="3220" status="PASS">
          <reporter-output>
          </reporter-output>
        </test-method> <!-- AsignIn -->
        <test-method signature="viewDashBoard()[pri:0, instance:testNG.DependsTest@2a798d51]" started-at="2025-03-11T14:15:39 IST" name="viewDashBoard" finished-at="2025-03-11T14:15:44 IST" depends-on-methods="testNG.DependsTest.AsignIn" duration-ms="4415" status="PASS">
          <reporter-output>
          </reporter-output>
        </test-method> <!-- viewDashBoard -->
      </class> <!-- testNG.DependsTest -->
    </test> <!-- Default test -->
  </suite> <!-- Default suite -->
</testng-results>
