<?xml version="1.0" encoding="UTF-8"?>
<!-- Generated by org.testng.reporters.JUnitXMLReporter -->
<testsuite ignored="0" hostname="LAPTOP-9E66PN5I" failures="0" tests="3" name="Default test" time="15.795" errors="0" timestamp="2025-03-11T14:08:39 IST">
  <testcase classname="testNG.DependsTest" name="openBrowser" time="6.68"/>
  <testcase classname="testNG.DependsTest" name="AsignIn" time="3.14"/>
  <testcase classname="testNG.DependsTest" name="viewDashBoard" time="5.897"/>
</testsuite> <!-- Default test -->
