<?xml version="1.0" encoding="UTF-8"?>
<testng-results ignored="0" total="3" passed="3" failed="0" skipped="0">
  <reporter-output>
  </reporter-output>
  <suite started-at="2025-03-11T14:08:23 IST" name="Default suite" finished-at="2025-03-11T14:08:39 IST" duration-ms="15795">
    <groups>
    </groups>
    <test started-at="2025-03-11T14:08:23 IST" name="Default test" finished-at="2025-03-11T14:08:39 IST" duration-ms="15795">
      <class name="testNG.DependsTest">
        <test-method signature="openBrowser()[pri:0, instance:testNG.DependsTest@6572421]" started-at="2025-03-11T14:08:24 IST" name="openBrowser" finished-at="2025-03-11T14:08:30 IST" duration-ms="6680" status="PASS">
          <reporter-output>
          </reporter-output>
        </test-method> <!-- openBrowser -->
        <test-method signature="AsignIn()[pri:0, instance:testNG.DependsTest@6572421]" started-at="2025-03-11T14:08:30 IST" name="AsignIn" finished-at="2025-03-11T14:08:33 IST" depends-on-methods="testNG.DependsTest.openBrowser" duration-ms="3140" status="PASS">
          <reporter-output>
          </reporter-output>
        </test-method> <!-- AsignIn -->
        <test-method signature="viewDashBoard()[pri:0, instance:testNG.DependsTest@6572421]" started-at="2025-03-11T14:08:33 IST" name="viewDashBoard" finished-at="2025-03-11T14:08:39 IST" depends-on-methods="testNG.DependsTest.AsignIn" duration-ms="5897" status="PASS">
          <reporter-output>
          </reporter-output>
        </test-method> <!-- viewDashBoard -->
      </class> <!-- testNG.DependsTest -->
    </test> <!-- Default test -->
  </suite> <!-- Default suite -->
</testng-results>
